c:\users\otmane\desktop\otman ibbour\ihm\pac\pac\x64\debug\vc143.pdb
c:\users\otmane\desktop\otman ibbour\ihm\pac\pac\x64\debug\vc143.idb
c:\users\otmane\desktop\otman ibbour\ihm\pac\pac\x64\debug\pacman.obj
c:\users\otmane\desktop\otman ibbour\ihm\pac\pac\x64\debug\pacview.obj
c:\users\otmane\desktop\otman ibbour\ihm\pac\pac\x64\debug\pacmap.obj
c:\users\otmane\desktop\otman ibbour\ihm\pac\pac\x64\debug\ghost.obj
c:\users\otmane\desktop\otman ibbour\ihm\pac\pac\x64\debug\astar.obj
c:\users\otmane\desktop\otman ibbour\ihm\pac\pac\x64\debug\pacdoc.obj
c:\users\otmane\desktop\otman ibbour\ihm\pac\pac\x64\debug\pac.obj
c:\users\otmane\desktop\otman ibbour\ihm\pac\pac\x64\debug\mainfrm.obj
c:\users\otmane\desktop\otman ibbour\ihm\pac\pac\x64\debug\childfrm.obj
c:\users\otmane\desktop\otman ibbour\ihm\pac\pac\x64\debug\pac.pch
c:\users\otmane\desktop\otman ibbour\ihm\pac\pac\x64\debug\pch.obj
c:\users\otmane\desktop\otman ibbour\ihm\pac\pac\x64\debug\mob.obj
c:\users\otmane\desktop\otman ibbour\ihm\pac\x64\debug\pac.exe
c:\users\otmane\desktop\otman ibbour\ihm\pac\pac\x64\debug\pac.ilk
c:\users\otmane\desktop\otman ibbour\ihm\pac\x64\debug\pac.pdb
c:\users\otmane\desktop\otman ibbour\ihm\pac\pac\x64\debug\pac.res
c:\users\otmane\desktop\otman ibbour\ihm\pac\pac\x64\debug\mainfrm.obj.enc
c:\users\otmane\desktop\otman ibbour\ihm\pac\pac\x64\debug\pac.tlog\cl.command.1.tlog
c:\users\otmane\desktop\otman ibbour\ihm\pac\pac\x64\debug\pac.tlog\cl.items.tlog
c:\users\otmane\desktop\otman ibbour\ihm\pac\pac\x64\debug\pac.tlog\cl.read.1.tlog
c:\users\otmane\desktop\otman ibbour\ihm\pac\pac\x64\debug\pac.tlog\cl.write.1.tlog
c:\users\otmane\desktop\otman ibbour\ihm\pac\pac\x64\debug\pac.tlog\link.command.1.tlog
c:\users\otmane\desktop\otman ibbour\ihm\pac\pac\x64\debug\pac.tlog\link.read.1.tlog
c:\users\otmane\desktop\otman ibbour\ihm\pac\pac\x64\debug\pac.tlog\link.write.1.tlog
c:\users\otmane\desktop\otman ibbour\ihm\pac\pac\x64\debug\pac.tlog\rc.command.1.tlog
c:\users\otmane\desktop\otman ibbour\ihm\pac\pac\x64\debug\pac.tlog\rc.read.1.tlog
c:\users\otmane\desktop\otman ibbour\ihm\pac\pac\x64\debug\pac.tlog\rc.write.1.tlog
